TN:
SF:script/DeployRaffle.s.sol
DA:10,8
FN:10,DeployRaffle.deployContract
FNDA:8,DeployRaffle.deployContract
DA:11,8
DA:13,8
DA:15,8
BRDA:15,0,0,-
DA:17,0
DA:18,0
DA:21,0
DA:22,0
DA:25,8
DA:26,8
DA:35,8
DA:37,8
DA:38,8
DA:40,8
FNF:1
FNH:1
LF:14
LH:10
BRF:1
BRH:0
end_of_record
TN:
SF:script/HelperConfig.s.sol
DA:53,8
FN:53,HelperConfig.constructor
FNDA:8,HelperConfig.constructor
DA:55,8
DA:56,8
BRDA:56,0,0,8
BRDA:56,0,1,-
DA:57,8
DA:58,8
DA:59,8
DA:61,0
DA:62,0
DA:64,0
DA:65,0
DA:66,0
DA:70,8
DA:71,8
DA:74,8
DA:77,16
FN:77,HelperConfig.getConfig
FNDA:16,HelperConfig.getConfig
DA:78,16
DA:81,0
FN:81,HelperConfig.setConfig
FNDA:0,HelperConfig.setConfig
DA:82,0
DA:85,0
FN:85,HelperConfig.getConfigByChainId
FNDA:0,HelperConfig.getConfigByChainId
DA:86,16
BRDA:86,1,0,-
BRDA:86,1,1,-
DA:87,0
DA:88,0
DA:89,16
BRDA:89,2,0,16
BRDA:89,2,1,-
DA:90,16
DA:91,16
DA:93,0
DA:94,0
DA:98,8
FN:98,HelperConfig.getMainnetEthConfig
FNDA:8,HelperConfig.getMainnetEthConfig
DA:100,8
BRDA:100,3,0,-
DA:101,0
DA:102,0
DA:105,8
DA:117,8
FN:117,HelperConfig.getSepoliaEthConfig
FNDA:8,HelperConfig.getSepoliaEthConfig
DA:118,8
DA:130,0
FN:130,HelperConfig.getOrCreateAnvilEthConfig
FNDA:0,HelperConfig.getOrCreateAnvilEthConfig
DA:132,16
BRDA:132,4,0,8
DA:133,8
DA:136,8
DA:137,8
DA:139,8
DA:140,8
DA:141,8
DA:142,8
DA:143,8
DA:144,8
DA:146,8
DA:148,8
DA:160,8
DA:161,8
DA:163,8
DA:167,0
FN:167,HelperConfig.envVarExists
FNDA:0,HelperConfig.envVarExists
DA:168,0
DA:169,0
DA:170,0
DA:171,0
FNF:8
FNH:4
LF:55
LH:35
BRF:8
BRH:3
end_of_record
TN:
SF:script/Interactions.s.sol
DA:12,0
FN:12,CreateSubcription.createSubcriptionUsingConfig
FNDA:0,CreateSubcription.createSubcriptionUsingConfig
DA:14,0
DA:15,0
DA:16,0
DA:18,0
DA:21,0
FN:21,CreateSubcription.createSubcription
FNDA:0,CreateSubcription.createSubcription
DA:22,0
DA:23,0
DA:24,0
DA:25,0
DA:26,0
DA:27,0
DA:29,0
DA:32,0
FN:32,CreateSubcription.run
FNDA:0,CreateSubcription.run
DA:33,0
DA:40,0
FN:40,FundSubcription.fundSubcriptionUsingConfig
FNDA:0,FundSubcription.fundSubcriptionUsingConfig
DA:41,0
DA:42,0
DA:43,0
DA:44,0
DA:46,0
DA:49,0
FN:49,FundSubcription.fundSubcription
FNDA:0,FundSubcription.fundSubcription
DA:50,0
DA:51,0
DA:52,0
DA:54,0
BRDA:54,0,0,-
BRDA:54,0,1,-
DA:55,0
DA:56,0
DA:57,0
DA:59,0
DA:60,0
DA:61,0
DA:65,0
FN:65,FundSubcription.run
FNDA:0,FundSubcription.run
DA:66,0
DA:71,0
FN:71,AddConsumer.addConsumerUsingConfig
FNDA:0,AddConsumer.addConsumerUsingConfig
DA:72,0
DA:73,0
DA:74,0
DA:76,0
DA:79,8
FN:79,AddConsumer.addConsumer
FNDA:8,AddConsumer.addConsumer
DA:80,8
DA:81,8
DA:82,8
DA:84,8
DA:85,8
DA:86,8
DA:89,0
FN:89,AddConsumer.run
FNDA:0,AddConsumer.run
DA:90,0
DA:91,0
FNF:9
FNH:1
LF:49
LH:7
BRF:2
BRH:0
end_of_record
TN:
SF:src/Raffle.sol
DA:82,8
FN:82,Raffle.constructor
FNDA:8,Raffle.constructor
DA:90,8
DA:91,8
DA:92,8
DA:93,8
DA:94,8
DA:96,8
DA:97,8
DA:100,6
FN:100,Raffle.enterRaffle
FNDA:6,Raffle.enterRaffle
DA:101,6
BRDA:101,0,0,1
DA:102,1
DA:105,5
BRDA:105,1,0,1
DA:106,1
DA:109,4
DA:111,4
DA:121,5
FN:121,Raffle.checkUpkeep
FNDA:5,Raffle.checkUpkeep
DA:129,5
DA:130,5
DA:131,5
DA:132,5
DA:133,5
DA:143,3
FN:143,Raffle.performUpkeep
FNDA:3,Raffle.performUpkeep
DA:144,3
DA:145,3
BRDA:145,2,0,1
DA:146,1
DA:153,2
DA:155,2
DA:169,2
DA:173,0
FN:173,Raffle.fulfillRandomWords
FNDA:0,Raffle.fulfillRandomWords
DA:178,0
DA:179,0
DA:181,0
DA:183,0
DA:184,0
DA:185,0
DA:186,0
DA:188,0
DA:189,0
BRDA:189,3,0,-
DA:190,0
DA:198,1
FN:198,Raffle.getRaffleState
FNDA:1,Raffle.getRaffleState
DA:199,1
DA:202,0
FN:202,Raffle.getNumWords
FNDA:0,Raffle.getNumWords
DA:203,0
DA:206,0
FN:206,Raffle.getRequestConfirmations
FNDA:0,Raffle.getRequestConfirmations
DA:207,0
DA:210,0
FN:210,Raffle.getRecentWinner
FNDA:0,Raffle.getRecentWinner
DA:211,0
DA:214,1
FN:214,Raffle.getPlayer
FNDA:1,Raffle.getPlayer
DA:215,1
DA:218,0
FN:218,Raffle.getLastTimeStamp
FNDA:0,Raffle.getLastTimeStamp
DA:219,0
DA:222,0
FN:222,Raffle.getInterval
FNDA:0,Raffle.getInterval
DA:223,0
DA:226,0
FN:226,Raffle.getEntranceFee
FNDA:0,Raffle.getEntranceFee
DA:227,0
DA:230,1
FN:230,Raffle.getNumberOfPlayers
FNDA:1,Raffle.getNumberOfPlayers
DA:231,1
FNF:14
FNH:7
LF:57
LH:34
BRF:4
BRH:3
end_of_record
TN:
SF:test/mocks/LinkToken.sol
DA:15,8
FN:15,LinkToken.constructor
FNDA:8,LinkToken.constructor
DA:16,8
DA:19,0
FN:19,LinkToken.mint
FNDA:0,LinkToken.mint
DA:20,0
DA:31,0
FN:31,LinkToken.transferAndCall
FNDA:0,LinkToken.transferAndCall
DA:32,0
DA:34,0
DA:35,0
BRDA:35,0,0,-
DA:36,0
DA:38,0
DA:43,0
FN:43,LinkToken.contractFallback
FNDA:0,LinkToken.contractFallback
DA:44,0
DA:45,0
DA:48,0
FN:48,LinkToken.isContract
FNDA:0,LinkToken.isContract
DA:49,0
DA:51,0
DA:53,0
FNF:5
FNH:1
LF:17
LH:2
BRF:1
BRH:0
end_of_record
